{"total": {"lines":{"total":414,"covered":355,"skipped":0,"pct":85.74},"statements":{"total":477,"covered":393,"skipped":0,"pct":82.38},"functions":{"total":144,"covered":115,"skipped":0,"pct":79.86},"branches":{"total":345,"covered":230,"skipped":0,"pct":66.66},"branchesTrue":{"total":0,"covered":0,"skipped":0,"pct":100}}
,"C:\\Users\\sharm\\Downloads\\Workspace\\TestForge\\frontend\\src\\components\\shared\\NotificationBell.tsx": {"lines":{"total":71,"covered":54,"skipped":0,"pct":76.05},"functions":{"total":21,"covered":14,"skipped":0,"pct":66.66},"statements":{"total":83,"covered":59,"skipped":0,"pct":71.08},"branches":{"total":55,"covered":29,"skipped":0,"pct":52.72}}
,"C:\\Users\\sharm\\Downloads\\Workspace\\TestForge\\frontend\\src\\components\\shared\\SearchBar.tsx": {"lines":{"total":20,"covered":15,"skipped":0,"pct":75},"functions":{"total":6,"covered":4,"skipped":0,"pct":66.66},"statements":{"total":22,"covered":15,"skipped":0,"pct":68.18},"branches":{"total":12,"covered":7,"skipped":0,"pct":58.33}}
,"C:\\Users\\sharm\\Downloads\\Workspace\\TestForge\\frontend\\src\\components\\shared\\Toast.tsx": {"lines":{"total":10,"covered":6,"skipped":0,"pct":60},"functions":{"total":3,"covered":2,"skipped":0,"pct":66.66},"statements":{"total":12,"covered":7,"skipped":0,"pct":58.33},"branches":{"total":9,"covered":6,"skipped":0,"pct":66.66}}
,"C:\\Users\\sharm\\Downloads\\Workspace\\TestForge\\frontend\\src\\components\\ui\\Badge.tsx": {"lines":{"total":3,"covered":3,"skipped":0,"pct":100},"functions":{"total":1,"covered":1,"skipped":0,"pct":100},"statements":{"total":3,"covered":3,"skipped":0,"pct":100},"branches":{"total":0,"covered":0,"skipped":0,"pct":100}}
,"C:\\Users\\sharm\\Downloads\\Workspace\\TestForge\\frontend\\src\\components\\ui\\Button.tsx": {"lines":{"total":6,"covered":6,"skipped":0,"pct":100},"functions":{"total":2,"covered":2,"skipped":0,"pct":100},"statements":{"total":6,"covered":6,"skipped":0,"pct":100},"branches":{"total":13,"covered":11,"skipped":0,"pct":84.61}}
,"C:\\Users\\sharm\\Downloads\\Workspace\\TestForge\\frontend\\src\\components\\ui\\Card.tsx": {"lines":{"total":13,"covered":13,"skipped":0,"pct":100},"functions":{"total":6,"covered":6,"skipped":0,"pct":100},"statements":{"total":13,"covered":13,"skipped":0,"pct":100},"branches":{"total":0,"covered":0,"skipped":0,"pct":100}}
,"C:\\Users\\sharm\\Downloads\\Workspace\\TestForge\\frontend\\src\\components\\ui\\EmptyState.tsx": {"lines":{"total":4,"covered":4,"skipped":0,"pct":100},"functions":{"total":1,"covered":1,"skipped":0,"pct":100},"statements":{"total":4,"covered":4,"skipped":0,"pct":100},"branches":{"total":21,"covered":12,"skipped":0,"pct":57.14}}
,"C:\\Users\\sharm\\Downloads\\Workspace\\TestForge\\frontend\\src\\modules\\api-execution\\utils\\scriptSandbox.ts": {"lines":{"total":43,"covered":39,"skipped":0,"pct":90.69},"functions":{"total":18,"covered":14,"skipped":0,"pct":77.77},"statements":{"total":59,"covered":46,"skipped":0,"pct":77.96},"branches":{"total":52,"covered":39,"skipped":0,"pct":75}}
,"C:\\Users\\sharm\\Downloads\\Workspace\\TestForge\\frontend\\src\\modules\\execution\\utils\\dependencyDisplay.ts": {"lines":{"total":8,"covered":8,"skipped":0,"pct":100},"functions":{"total":5,"covered":5,"skipped":0,"pct":100},"statements":{"total":12,"covered":11,"skipped":0,"pct":91.66},"branches":{"total":8,"covered":4,"skipped":0,"pct":50}}
,"C:\\Users\\sharm\\Downloads\\Workspace\\TestForge\\frontend\\src\\modules\\project\\components\\CreateProjectModal.tsx": {"lines":{"total":34,"covered":32,"skipped":0,"pct":94.11},"functions":{"total":10,"covered":9,"skipped":0,"pct":90},"statements":{"total":37,"covered":33,"skipped":0,"pct":89.18},"branches":{"total":16,"covered":11,"skipped":0,"pct":68.75}}
,"C:\\Users\\sharm\\Downloads\\Workspace\\TestForge\\frontend\\src\\modules\\project\\components\\ExecutionWorkspace.tsx": {"lines":{"total":21,"covered":17,"skipped":0,"pct":80.95},"functions":{"total":6,"covered":5,"skipped":0,"pct":83.33},"statements":{"total":22,"covered":17,"skipped":0,"pct":77.27},"branches":{"total":14,"covered":9,"skipped":0,"pct":64.28}}
,"C:\\Users\\sharm\\Downloads\\Workspace\\TestForge\\frontend\\src\\modules\\project\\components\\ProjectCardMenu.tsx": {"lines":{"total":27,"covered":12,"skipped":0,"pct":44.44},"functions":{"total":13,"covered":5,"skipped":0,"pct":38.46},"statements":{"total":30,"covered":15,"skipped":0,"pct":50},"branches":{"total":17,"covered":9,"skipped":0,"pct":52.94}}
,"C:\\Users\\sharm\\Downloads\\Workspace\\TestForge\\frontend\\src\\modules\\requirements\\utils\\dependencyDisplay.ts": {"lines":{"total":26,"covered":25,"skipped":0,"pct":96.15},"functions":{"total":4,"covered":3,"skipped":0,"pct":75},"statements":{"total":31,"covered":29,"skipped":0,"pct":93.54},"branches":{"total":18,"covered":15,"skipped":0,"pct":83.33}}
,"C:\\Users\\sharm\\Downloads\\Workspace\\TestForge\\frontend\\src\\modules\\requirements\\utils\\mappingDisplay.ts": {"lines":{"total":2,"covered":2,"skipped":0,"pct":100},"functions":{"total":1,"covered":1,"skipped":0,"pct":100},"statements":{"total":2,"covered":2,"skipped":0,"pct":100},"branches":{"total":10,"covered":6,"skipped":0,"pct":60}}
,"C:\\Users\\sharm\\Downloads\\Workspace\\TestForge\\frontend\\src\\routes\\paths.ts": {"lines":{"total":9,"covered":7,"skipped":0,"pct":77.77},"functions":{"total":6,"covered":4,"skipped":0,"pct":66.66},"statements":{"total":9,"covered":7,"skipped":0,"pct":77.77},"branches":{"total":3,"covered":2,"skipped":0,"pct":66.66}}
,"C:\\Users\\sharm\\Downloads\\Workspace\\TestForge\\frontend\\src\\types\\apiModels.ts": {"lines":{"total":3,"covered":2,"skipped":0,"pct":66.66},"functions":{"total":3,"covered":2,"skipped":0,"pct":66.66},"statements":{"total":3,"covered":2,"skipped":0,"pct":66.66},"branches":{"total":36,"covered":15,"skipped":0,"pct":41.66}}
,"C:\\Users\\sharm\\Downloads\\Workspace\\TestForge\\frontend\\src\\utils\\cn.ts": {"lines":{"total":2,"covered":2,"skipped":0,"pct":100},"functions":{"total":1,"covered":1,"skipped":0,"pct":100},"statements":{"total":2,"covered":2,"skipped":0,"pct":100},"branches":{"total":0,"covered":0,"skipped":0,"pct":100}}
,"C:\\Users\\sharm\\Downloads\\Workspace\\TestForge\\frontend\\src\\utils\\date.ts": {"lines":{"total":4,"covered":4,"skipped":0,"pct":100},"functions":{"total":2,"covered":2,"skipped":0,"pct":100},"statements":{"total":4,"covered":4,"skipped":0,"pct":100},"branches":{"total":0,"covered":0,"skipped":0,"pct":100}}
,"C:\\Users\\sharm\\Downloads\\Workspace\\TestForge\\frontend\\src\\utils\\json.ts": {"lines":{"total":4,"covered":4,"skipped":0,"pct":100},"functions":{"total":2,"covered":2,"skipped":0,"pct":100},"statements":{"total":4,"covered":4,"skipped":0,"pct":100},"branches":{"total":0,"covered":0,"skipped":0,"pct":100}}
,"C:\\Users\\sharm\\Downloads\\Workspace\\TestForge\\frontend\\src\\utils\\sensitiveBrowserState.ts": {"lines":{"total":12,"covered":11,"skipped":0,"pct":91.66},"functions":{"total":4,"covered":3,"skipped":0,"pct":75},"statements":{"total":17,"covered":15,"skipped":0,"pct":88.23},"branches":{"total":7,"covered":6,"skipped":0,"pct":85.71}}
,"C:\\Users\\sharm\\Downloads\\Workspace\\TestForge\\frontend\\src\\utils\\validation.ts": {"lines":{"total":92,"covered":89,"skipped":0,"pct":96.73},"functions":{"total":29,"covered":29,"skipped":0,"pct":100},"statements":{"total":102,"covered":99,"skipped":0,"pct":97.05},"branches":{"total":54,"covered":49,"skipped":0,"pct":90.74}}
}
