{"total": {"lines":{"total":3887,"covered":2382,"skipped":0,"pct":61.28},"statements":{"total":4780,"covered":2948,"skipped":0,"pct":61.67},"functions":{"total":868,"covered":624,"skipped":0,"pct":71.88},"branches":{"total":3755,"covered":1945,"skipped":0,"pct":51.79},"branchesTrue":{"total":0,"covered":0,"skipped":0,"pct":100}}
,"C:\\Users\\sharm\\Downloads\\Workspace\\TestForge\\backend\\src\\config.ts": {"lines":{"total":32,"covered":26,"skipped":0,"pct":81.25},"functions":{"total":4,"covered":3,"skipped":0,"pct":75},"statements":{"total":33,"covered":27,"skipped":0,"pct":81.81},"branches":{"total":73,"covered":54,"skipped":0,"pct":73.97}}
,"C:\\Users\\sharm\\Downloads\\Workspace\\TestForge\\backend\\src\\application\\ai-provider\\adapters\\BaseAIProviderAdapter.ts": {"lines":{"total":61,"covered":10,"skipped":0,"pct":16.39},"functions":{"total":13,"covered":2,"skipped":0,"pct":15.38},"statements":{"total":67,"covered":10,"skipped":0,"pct":14.92},"branches":{"total":60,"covered":20,"skipped":0,"pct":33.33}}
,"C:\\Users\\sharm\\Downloads\\Workspace\\TestForge\\backend\\src\\application\\ai-provider\\adapters\\OllamaAdapter.ts": {"lines":{"total":45,"covered":1,"skipped":0,"pct":2.22},"functions":{"total":9,"covered":0,"skipped":0,"pct":0},"statements":{"total":47,"covered":1,"skipped":0,"pct":2.12},"branches":{"total":58,"covered":2,"skipped":0,"pct":3.44}}
,"C:\\Users\\sharm\\Downloads\\Workspace\\TestForge\\backend\\src\\application\\ai-provider\\adapters\\ProviderAdapters.ts": {"lines":{"total":73,"covered":31,"skipped":0,"pct":42.46},"functions":{"total":14,"covered":6,"skipped":0,"pct":42.85},"statements":{"total":78,"covered":32,"skipped":0,"pct":41.02},"branches":{"total":46,"covered":23,"skipped":0,"pct":50}}
,"C:\\Users\\sharm\\Downloads\\Workspace\\TestForge\\backend\\src\\application\\api\\CreateApiOperation.ts": {"lines":{"total":19,"covered":15,"skipped":0,"pct":78.94},"functions":{"total":3,"covered":2,"skipped":0,"pct":66.66},"statements":{"total":19,"covered":15,"skipped":0,"pct":78.94},"branches":{"total":14,"covered":6,"skipped":0,"pct":42.85}}
,"C:\\Users\\sharm\\Downloads\\Workspace\\TestForge\\backend\\src\\application\\api\\CreateApiService.ts": {"lines":{"total":10,"covered":9,"skipped":0,"pct":90},"functions":{"total":2,"covered":2,"skipped":0,"pct":100},"statements":{"total":10,"covered":9,"skipped":0,"pct":90},"branches":{"total":4,"covered":2,"skipped":0,"pct":50}}
,"C:\\Users\\sharm\\Downloads\\Workspace\\TestForge\\backend\\src\\application\\api\\DeleteApiService.ts": {"lines":{"total":12,"covered":9,"skipped":0,"pct":75},"functions":{"total":2,"covered":2,"skipped":0,"pct":100},"statements":{"total":12,"covered":9,"skipped":0,"pct":75},"branches":{"total":8,"covered":5,"skipped":0,"pct":62.5}}
,"C:\\Users\\sharm\\Downloads\\Workspace\\TestForge\\backend\\src\\application\\api\\ExecuteApiRequest.ts": {"lines":{"total":93,"covered":71,"skipped":0,"pct":76.34},"functions":{"total":14,"covered":11,"skipped":0,"pct":78.57},"statements":{"total":99,"covered":72,"skipped":0,"pct":72.72},"branches":{"total":100,"covered":59,"skipped":0,"pct":59}}
,"C:\\Users\\sharm\\Downloads\\Workspace\\TestForge\\backend\\src\\application\\api\\ImportApiContract.ts": {"lines":{"total":493,"covered":311,"skipped":0,"pct":63.08},"functions":{"total":43,"covered":36,"skipped":0,"pct":83.72},"statements":{"total":549,"covered":332,"skipped":0,"pct":60.47},"branches":{"total":615,"covered":314,"skipped":0,"pct":51.05}}
,"C:\\Users\\sharm\\Downloads\\Workspace\\TestForge\\backend\\src\\application\\api\\RefreshApiContract.ts": {"lines":{"total":9,"covered":8,"skipped":0,"pct":88.88},"functions":{"total":2,"covered":2,"skipped":0,"pct":100},"statements":{"total":9,"covered":8,"skipped":0,"pct":88.88},"branches":{"total":8,"covered":6,"skipped":0,"pct":75}}
,"C:\\Users\\sharm\\Downloads\\Workspace\\TestForge\\backend\\src\\application\\api\\openApiResolution.ts": {"lines":{"total":131,"covered":121,"skipped":0,"pct":92.36},"functions":{"total":23,"covered":23,"skipped":0,"pct":100},"statements":{"total":149,"covered":130,"skipped":0,"pct":87.24},"branches":{"total":155,"covered":121,"skipped":0,"pct":78.06}}
,"C:\\Users\\sharm\\Downloads\\Workspace\\TestForge\\backend\\src\\application\\api\\openApiSampleBody.ts": {"lines":{"total":88,"covered":53,"skipped":0,"pct":60.22},"functions":{"total":9,"covered":6,"skipped":0,"pct":66.66},"statements":{"total":111,"covered":60,"skipped":0,"pct":54.05},"branches":{"total":138,"covered":60,"skipped":0,"pct":43.47}}
,"C:\\Users\\sharm\\Downloads\\Workspace\\TestForge\\backend\\src\\application\\environment\\CreateEnvironment.ts": {"lines":{"total":11,"covered":10,"skipped":0,"pct":90.9},"functions":{"total":2,"covered":2,"skipped":0,"pct":100},"statements":{"total":11,"covered":10,"skipped":0,"pct":90.9},"branches":{"total":10,"covered":9,"skipped":0,"pct":90}}
,"C:\\Users\\sharm\\Downloads\\Workspace\\TestForge\\backend\\src\\application\\environment\\DeleteEnvironment.ts": {"lines":{"total":6,"covered":5,"skipped":0,"pct":83.33},"functions":{"total":2,"covered":2,"skipped":0,"pct":100},"statements":{"total":6,"covered":5,"skipped":0,"pct":83.33},"branches":{"total":2,"covered":1,"skipped":0,"pct":50}}
,"C:\\Users\\sharm\\Downloads\\Workspace\\TestForge\\backend\\src\\application\\environment\\GetEnvironment.ts": {"lines":{"total":2,"covered":2,"skipped":0,"pct":100},"functions":{"total":2,"covered":2,"skipped":0,"pct":100},"statements":{"total":2,"covered":2,"skipped":0,"pct":100},"branches":{"total":0,"covered":0,"skipped":0,"pct":100}}
,"C:\\Users\\sharm\\Downloads\\Workspace\\TestForge\\backend\\src\\application\\environment\\ListEnvironments.ts": {"lines":{"total":4,"covered":4,"skipped":0,"pct":100},"functions":{"total":2,"covered":2,"skipped":0,"pct":100},"statements":{"total":4,"covered":4,"skipped":0,"pct":100},"branches":{"total":2,"covered":2,"skipped":0,"pct":100}}
,"C:\\Users\\sharm\\Downloads\\Workspace\\TestForge\\backend\\src\\application\\environment\\UpdateEnvironment.ts": {"lines":{"total":31,"covered":23,"skipped":0,"pct":74.19},"functions":{"total":2,"covered":2,"skipped":0,"pct":100},"statements":{"total":40,"covered":25,"skipped":0,"pct":62.5},"branches":{"total":34,"covered":18,"skipped":0,"pct":52.94}}
,"C:\\Users\\sharm\\Downloads\\Workspace\\TestForge\\backend\\src\\application\\environment\\index.ts": {"lines":{"total":0,"covered":0,"skipped":0,"pct":100},"functions":{"total":0,"covered":0,"skipped":0,"pct":100},"statements":{"total":0,"covered":0,"skipped":0,"pct":100},"branches":{"total":0,"covered":0,"skipped":0,"pct":100}}
,"C:\\Users\\sharm\\Downloads\\Workspace\\TestForge\\backend\\src\\application\\execution\\ExecutePlan.ts": {"lines":{"total":347,"covered":243,"skipped":0,"pct":70.02},"functions":{"total":51,"covered":42,"skipped":0,"pct":82.35},"statements":{"total":386,"covered":266,"skipped":0,"pct":68.91},"branches":{"total":316,"covered":181,"skipped":0,"pct":57.27}}
,"C:\\Users\\sharm\\Downloads\\Workspace\\TestForge\\backend\\src\\application\\execution\\ExecutionSafetyService.ts": {"lines":{"total":37,"covered":37,"skipped":0,"pct":100},"functions":{"total":6,"covered":6,"skipped":0,"pct":100},"statements":{"total":39,"covered":39,"skipped":0,"pct":100},"branches":{"total":55,"covered":50,"skipped":0,"pct":90.9}}
,"C:\\Users\\sharm\\Downloads\\Workspace\\TestForge\\backend\\src\\application\\jobs\\DurableJobWorker.ts": {"lines":{"total":1,"covered":1,"skipped":0,"pct":100},"functions":{"total":8,"covered":3,"skipped":0,"pct":37.5},"statements":{"total":52,"covered":36,"skipped":0,"pct":69.23},"branches":{"total":25,"covered":14,"skipped":0,"pct":56}}
,"C:\\Users\\sharm\\Downloads\\Workspace\\TestForge\\backend\\src\\application\\pipeline\\RunAIPipeline.ts": {"lines":{"total":122,"covered":96,"skipped":0,"pct":78.68},"functions":{"total":15,"covered":13,"skipped":0,"pct":86.66},"statements":{"total":131,"covered":98,"skipped":0,"pct":74.8},"branches":{"total":48,"covered":21,"skipped":0,"pct":43.75}}
,"C:\\Users\\sharm\\Downloads\\Workspace\\TestForge\\backend\\src\\application\\project\\ProjectUseCases.ts": {"lines":{"total":13,"covered":13,"skipped":0,"pct":100},"functions":{"total":10,"covered":10,"skipped":0,"pct":100},"statements":{"total":13,"covered":13,"skipped":0,"pct":100},"branches":{"total":2,"covered":2,"skipped":0,"pct":100}}
,"C:\\Users\\sharm\\Downloads\\Workspace\\TestForge\\backend\\src\\application\\report\\GenerateReport.ts": {"lines":{"total":54,"covered":39,"skipped":0,"pct":72.22},"functions":{"total":13,"covered":6,"skipped":0,"pct":46.15},"statements":{"total":57,"covered":41,"skipped":0,"pct":71.92},"branches":{"total":35,"covered":20,"skipped":0,"pct":57.14}}
,"C:\\Users\\sharm\\Downloads\\Workspace\\TestForge\\backend\\src\\application\\report\\PublishReportToJira.ts": {"lines":{"total":24,"covered":6,"skipped":0,"pct":25},"functions":{"total":3,"covered":1,"skipped":0,"pct":33.33},"statements":{"total":24,"covered":6,"skipped":0,"pct":25},"branches":{"total":19,"covered":4,"skipped":0,"pct":21.05}}
,"C:\\Users\\sharm\\Downloads\\Workspace\\TestForge\\backend\\src\\application\\requirements\\GenerateRequirementTestCases.ts": {"lines":{"total":116,"covered":5,"skipped":0,"pct":4.31},"functions":{"total":16,"covered":1,"skipped":0,"pct":6.25},"statements":{"total":129,"covered":7,"skipped":0,"pct":5.42},"branches":{"total":105,"covered":18,"skipped":0,"pct":17.14}}
,"C:\\Users\\sharm\\Downloads\\Workspace\\TestForge\\backend\\src\\application\\requirements\\OperationDependencyResolver.ts": {"lines":{"total":48,"covered":46,"skipped":0,"pct":95.83},"functions":{"total":10,"covered":10,"skipped":0,"pct":100},"statements":{"total":74,"covered":66,"skipped":0,"pct":89.18},"branches":{"total":60,"covered":41,"skipped":0,"pct":68.33}}
,"C:\\Users\\sharm\\Downloads\\Workspace\\TestForge\\backend\\src\\application\\requirements\\OperationMappingSynonyms.ts": {"lines":{"total":61,"covered":44,"skipped":0,"pct":72.13},"functions":{"total":14,"covered":9,"skipped":0,"pct":64.28},"statements":{"total":69,"covered":49,"skipped":0,"pct":71.01},"branches":{"total":36,"covered":19,"skipped":0,"pct":52.77}}
,"C:\\Users\\sharm\\Downloads\\Workspace\\TestForge\\backend\\src\\application\\requirements\\RequirementEndpointMappingService.ts": {"lines":{"total":42,"covered":31,"skipped":0,"pct":73.8},"functions":{"total":22,"covered":14,"skipped":0,"pct":63.63},"statements":{"total":58,"covered":40,"skipped":0,"pct":68.96},"branches":{"total":51,"covered":28,"skipped":0,"pct":54.9}}
,"C:\\Users\\sharm\\Downloads\\Workspace\\TestForge\\backend\\src\\application\\requirements\\RequirementOperationMatcher.ts": {"lines":{"total":171,"covered":96,"skipped":0,"pct":56.14},"functions":{"total":34,"covered":24,"skipped":0,"pct":70.58},"statements":{"total":200,"covered":110,"skipped":0,"pct":55},"branches":{"total":180,"covered":69,"skipped":0,"pct":38.33}}
,"C:\\Users\\sharm\\Downloads\\Workspace\\TestForge\\backend\\src\\application\\requirements\\SchemaAwareMutationEngine.ts": {"lines":{"total":50,"covered":50,"skipped":0,"pct":100},"functions":{"total":28,"covered":26,"skipped":0,"pct":92.85},"statements":{"total":152,"covered":141,"skipped":0,"pct":92.76},"branches":{"total":178,"covered":139,"skipped":0,"pct":78.08}}
,"C:\\Users\\sharm\\Downloads\\Workspace\\TestForge\\backend\\src\\application\\requirements\\TestCaseVersionService.ts": {"lines":{"total":18,"covered":17,"skipped":0,"pct":94.44},"functions":{"total":38,"covered":34,"skipped":0,"pct":89.47},"statements":{"total":118,"covered":93,"skipped":0,"pct":78.81},"branches":{"total":68,"covered":32,"skipped":0,"pct":47.05}}
,"C:\\Users\\sharm\\Downloads\\Workspace\\TestForge\\backend\\src\\application\\requirements\\acceptanceCriteriaFields.ts": {"lines":{"total":51,"covered":42,"skipped":0,"pct":82.35},"functions":{"total":12,"covered":12,"skipped":0,"pct":100},"statements":{"total":69,"covered":51,"skipped":0,"pct":73.91},"branches":{"total":74,"covered":43,"skipped":0,"pct":58.1}}
,"C:\\Users\\sharm\\Downloads\\Workspace\\TestForge\\backend\\src\\application\\requirements\\acceptanceCriteriaScenarios.ts": {"lines":{"total":61,"covered":37,"skipped":0,"pct":60.65},"functions":{"total":6,"covered":4,"skipped":0,"pct":66.66},"statements":{"total":65,"covered":38,"skipped":0,"pct":58.46},"branches":{"total":51,"covered":17,"skipped":0,"pct":33.33}}
,"C:\\Users\\sharm\\Downloads\\Workspace\\TestForge\\backend\\src\\application\\requirements\\requirementAcceptanceFocus.ts": {"lines":{"total":17,"covered":8,"skipped":0,"pct":47.05},"functions":{"total":5,"covered":2,"skipped":0,"pct":40},"statements":{"total":18,"covered":8,"skipped":0,"pct":44.44},"branches":{"total":23,"covered":8,"skipped":0,"pct":34.78}}
,"C:\\Users\\sharm\\Downloads\\Workspace\\TestForge\\backend\\src\\application\\retention\\RetentionService.ts": {"lines":{"total":1,"covered":1,"skipped":0,"pct":100},"functions":{"total":2,"covered":2,"skipped":0,"pct":100},"statements":{"total":3,"covered":3,"skipped":0,"pct":100},"branches":{"total":4,"covered":2,"skipped":0,"pct":50}}
,"C:\\Users\\sharm\\Downloads\\Workspace\\TestForge\\backend\\src\\application\\scheduler\\CronExpression.ts": {"lines":{"total":73,"covered":37,"skipped":0,"pct":50.68},"functions":{"total":9,"covered":6,"skipped":0,"pct":66.66},"statements":{"total":85,"covered":41,"skipped":0,"pct":48.23},"branches":{"total":58,"covered":25,"skipped":0,"pct":43.1}}
,"C:\\Users\\sharm\\Downloads\\Workspace\\TestForge\\backend\\src\\application\\scheduler\\SchedulerService.ts": {"lines":{"total":1,"covered":1,"skipped":0,"pct":100},"functions":{"total":8,"covered":8,"skipped":0,"pct":100},"statements":{"total":37,"covered":35,"skipped":0,"pct":94.59},"branches":{"total":16,"covered":11,"skipped":0,"pct":68.75}}
,"C:\\Users\\sharm\\Downloads\\Workspace\\TestForge\\backend\\src\\application\\security\\SecretResolutionService.ts": {"lines":{"total":11,"covered":11,"skipped":0,"pct":100},"functions":{"total":6,"covered":4,"skipped":0,"pct":66.66},"statements":{"total":25,"covered":20,"skipped":0,"pct":80},"branches":{"total":20,"covered":16,"skipped":0,"pct":80}}
,"C:\\Users\\sharm\\Downloads\\Workspace\\TestForge\\backend\\src\\application\\shared\\crudHelpers.ts": {"lines":{"total":14,"covered":5,"skipped":0,"pct":35.71},"functions":{"total":4,"covered":2,"skipped":0,"pct":50},"statements":{"total":14,"covered":5,"skipped":0,"pct":35.71},"branches":{"total":6,"covered":2,"skipped":0,"pct":33.33}}
,"C:\\Users\\sharm\\Downloads\\Workspace\\TestForge\\backend\\src\\application\\suite\\ExecuteSuite.ts": {"lines":{"total":16,"covered":15,"skipped":0,"pct":93.75},"functions":{"total":6,"covered":6,"skipped":0,"pct":100},"statements":{"total":23,"covered":19,"skipped":0,"pct":82.6},"branches":{"total":18,"covered":14,"skipped":0,"pct":77.77}}
,"C:\\Users\\sharm\\Downloads\\Workspace\\TestForge\\backend\\src\\application\\test-data\\TestDataResolutionService.ts": {"lines":{"total":102,"covered":47,"skipped":0,"pct":46.07},"functions":{"total":15,"covered":10,"skipped":0,"pct":66.66},"statements":{"total":104,"covered":48,"skipped":0,"pct":46.15},"branches":{"total":82,"covered":25,"skipped":0,"pct":30.48}}
,"C:\\Users\\sharm\\Downloads\\Workspace\\TestForge\\backend\\src\\application\\webhook\\WebhookUseCases.ts": {"lines":{"total":35,"covered":30,"skipped":0,"pct":85.71},"functions":{"total":14,"covered":13,"skipped":0,"pct":92.85},"statements":{"total":38,"covered":32,"skipped":0,"pct":84.21},"branches":{"total":16,"covered":13,"skipped":0,"pct":81.25}}
,"C:\\Users\\sharm\\Downloads\\Workspace\\TestForge\\backend\\src\\config\\jiraEnv.ts": {"lines":{"total":7,"covered":0,"skipped":0,"pct":0},"functions":{"total":2,"covered":0,"skipped":0,"pct":0},"statements":{"total":7,"covered":0,"skipped":0,"pct":0},"branches":{"total":7,"covered":0,"skipped":0,"pct":0}}
,"C:\\Users\\sharm\\Downloads\\Workspace\\TestForge\\backend\\src\\constants\\defaults.ts": {"lines":{"total":11,"covered":11,"skipped":0,"pct":100},"functions":{"total":0,"covered":0,"skipped":0,"pct":100},"statements":{"total":11,"covered":11,"skipped":0,"pct":100},"branches":{"total":0,"covered":0,"skipped":0,"pct":100}}
,"C:\\Users\\sharm\\Downloads\\Workspace\\TestForge\\backend\\src\\domain\\api\\ApiOperationEntity.ts": {"lines":{"total":17,"covered":17,"skipped":0,"pct":100},"functions":{"total":1,"covered":1,"skipped":0,"pct":100},"statements":{"total":17,"covered":17,"skipped":0,"pct":100},"branches":{"total":0,"covered":0,"skipped":0,"pct":100}}
,"C:\\Users\\sharm\\Downloads\\Workspace\\TestForge\\backend\\src\\domain\\api\\ApiServiceEntity.ts": {"lines":{"total":12,"covered":12,"skipped":0,"pct":100},"functions":{"total":1,"covered":1,"skipped":0,"pct":100},"statements":{"total":12,"covered":12,"skipped":0,"pct":100},"branches":{"total":0,"covered":0,"skipped":0,"pct":100}}
,"C:\\Users\\sharm\\Downloads\\Workspace\\TestForge\\backend\\src\\domain\\audit\\AuditLogEntity.ts": {"lines":{"total":11,"covered":11,"skipped":0,"pct":100},"functions":{"total":1,"covered":1,"skipped":0,"pct":100},"statements":{"total":11,"covered":11,"skipped":0,"pct":100},"branches":{"total":0,"covered":0,"skipped":0,"pct":100}}
,"C:\\Users\\sharm\\Downloads\\Workspace\\TestForge\\backend\\src\\domain\\audit\\index.ts": {"lines":{"total":0,"covered":0,"skipped":0,"pct":100},"functions":{"total":0,"covered":0,"skipped":0,"pct":100},"statements":{"total":0,"covered":0,"skipped":0,"pct":100},"branches":{"total":0,"covered":0,"skipped":0,"pct":100}}
,"C:\\Users\\sharm\\Downloads\\Workspace\\TestForge\\backend\\src\\domain\\environment\\EnvironmentEntity.ts": {"lines":{"total":23,"covered":23,"skipped":0,"pct":100},"functions":{"total":5,"covered":5,"skipped":0,"pct":100},"statements":{"total":23,"covered":23,"skipped":0,"pct":100},"branches":{"total":14,"covered":13,"skipped":0,"pct":92.85}}
,"C:\\Users\\sharm\\Downloads\\Workspace\\TestForge\\backend\\src\\domain\\evidence\\EvidencePolicy.ts": {"lines":{"total":1,"covered":1,"skipped":0,"pct":100},"functions":{"total":0,"covered":0,"skipped":0,"pct":100},"statements":{"total":1,"covered":1,"skipped":0,"pct":100},"branches":{"total":0,"covered":0,"skipped":0,"pct":100}}
,"C:\\Users\\sharm\\Downloads\\Workspace\\TestForge\\backend\\src\\domain\\execution\\ExecutionRunEntity.ts": {"lines":{"total":20,"covered":20,"skipped":0,"pct":100},"functions":{"total":1,"covered":1,"skipped":0,"pct":100},"statements":{"total":20,"covered":20,"skipped":0,"pct":100},"branches":{"total":7,"covered":7,"skipped":0,"pct":100}}
,"C:\\Users\\sharm\\Downloads\\Workspace\\TestForge\\backend\\src\\domain\\project\\projectIdentifiers.ts": {"lines":{"total":22,"covered":1,"skipped":0,"pct":4.54},"functions":{"total":6,"covered":1,"skipped":0,"pct":16.66},"statements":{"total":25,"covered":1,"skipped":0,"pct":4},"branches":{"total":6,"covered":1,"skipped":0,"pct":16.66}}
,"C:\\Users\\sharm\\Downloads\\Workspace\\TestForge\\backend\\src\\domain\\report\\ReportEntity.ts": {"lines":{"total":19,"covered":19,"skipped":0,"pct":100},"functions":{"total":1,"covered":1,"skipped":0,"pct":100},"statements":{"total":19,"covered":19,"skipped":0,"pct":100},"branches":{"total":1,"covered":1,"skipped":0,"pct":100}}
,"C:\\Users\\sharm\\Downloads\\Workspace\\TestForge\\backend\\src\\domain\\requirements\\RequirementEntity.ts": {"lines":{"total":19,"covered":19,"skipped":0,"pct":100},"functions":{"total":1,"covered":1,"skipped":0,"pct":100},"statements":{"total":19,"covered":19,"skipped":0,"pct":100},"branches":{"total":2,"covered":2,"skipped":0,"pct":100}}
,"C:\\Users\\sharm\\Downloads\\Workspace\\TestForge\\backend\\src\\domain\\security\\SecretStore.ts": {"lines":{"total":1,"covered":1,"skipped":0,"pct":100},"functions":{"total":1,"covered":1,"skipped":0,"pct":100},"statements":{"total":1,"covered":1,"skipped":0,"pct":100},"branches":{"total":3,"covered":3,"skipped":0,"pct":100}}
,"C:\\Users\\sharm\\Downloads\\Workspace\\TestForge\\backend\\src\\domain\\test-case\\TestCaseEntity.ts": {"lines":{"total":2,"covered":2,"skipped":0,"pct":100},"functions":{"total":2,"covered":2,"skipped":0,"pct":100},"statements":{"total":15,"covered":15,"skipped":0,"pct":100},"branches":{"total":0,"covered":0,"skipped":0,"pct":100}}
,"C:\\Users\\sharm\\Downloads\\Workspace\\TestForge\\backend\\src\\domain\\validation\\ValidationEngine.ts": {"lines":{"total":33,"covered":12,"skipped":0,"pct":36.36},"functions":{"total":1,"covered":1,"skipped":0,"pct":100},"statements":{"total":33,"covered":12,"skipped":0,"pct":36.36},"branches":{"total":15,"covered":5,"skipped":0,"pct":33.33}}
,"C:\\Users\\sharm\\Downloads\\Workspace\\TestForge\\backend\\src\\domain\\validation\\ValidationHelpers.ts": {"lines":{"total":34,"covered":9,"skipped":0,"pct":26.47},"functions":{"total":14,"covered":12,"skipped":0,"pct":85.71},"statements":{"total":36,"covered":9,"skipped":0,"pct":25},"branches":{"total":41,"covered":15,"skipped":0,"pct":36.58}}
,"C:\\Users\\sharm\\Downloads\\Workspace\\TestForge\\backend\\src\\domain\\validation\\Validators.ts": {"lines":{"total":71,"covered":5,"skipped":0,"pct":7.04},"functions":{"total":11,"covered":11,"skipped":0,"pct":100},"statements":{"total":73,"covered":5,"skipped":0,"pct":6.84},"branches":{"total":77,"covered":4,"skipped":0,"pct":5.19}}
,"C:\\Users\\sharm\\Downloads\\Workspace\\TestForge\\backend\\src\\infrastructure\\api\\ApiOperationRepository.ts": {"lines":{"total":70,"covered":42,"skipped":0,"pct":60},"functions":{"total":23,"covered":16,"skipped":0,"pct":69.56},"statements":{"total":77,"covered":45,"skipped":0,"pct":58.44},"branches":{"total":20,"covered":12,"skipped":0,"pct":60}}
,"C:\\Users\\sharm\\Downloads\\Workspace\\TestForge\\backend\\src\\infrastructure\\api\\ApiServiceRepository.ts": {"lines":{"total":66,"covered":46,"skipped":0,"pct":69.69},"functions":{"total":21,"covered":17,"skipped":0,"pct":80.95},"statements":{"total":73,"covered":50,"skipped":0,"pct":68.49},"branches":{"total":20,"covered":11,"skipped":0,"pct":55}}
,"C:\\Users\\sharm\\Downloads\\Workspace\\TestForge\\backend\\src\\infrastructure\\audit\\AuditLogRepository.ts": {"lines":{"total":14,"covered":13,"skipped":0,"pct":92.85},"functions":{"total":8,"covered":7,"skipped":0,"pct":87.5},"statements":{"total":14,"covered":13,"skipped":0,"pct":92.85},"branches":{"total":6,"covered":3,"skipped":0,"pct":50}}
,"C:\\Users\\sharm\\Downloads\\Workspace\\TestForge\\backend\\src\\infrastructure\\audit\\AuditLogRepositorySupport.ts": {"lines":{"total":11,"covered":10,"skipped":0,"pct":90.9},"functions":{"total":4,"covered":4,"skipped":0,"pct":100},"statements":{"total":18,"covered":13,"skipped":0,"pct":72.22},"branches":{"total":26,"covered":17,"skipped":0,"pct":65.38}}
,"C:\\Users\\sharm\\Downloads\\Workspace\\TestForge\\backend\\src\\infrastructure\\audit\\FileAuditLogRepository.ts": {"lines":{"total":15,"covered":13,"skipped":0,"pct":86.66},"functions":{"total":11,"covered":9,"skipped":0,"pct":81.81},"statements":{"total":17,"covered":14,"skipped":0,"pct":82.35},"branches":{"total":10,"covered":6,"skipped":0,"pct":60}}
,"C:\\Users\\sharm\\Downloads\\Workspace\\TestForge\\backend\\src\\infrastructure\\environment\\EnvironmentRepository.ts": {"lines":{"total":83,"covered":37,"skipped":0,"pct":44.57},"functions":{"total":27,"covered":13,"skipped":0,"pct":48.14},"statements":{"total":91,"covered":38,"skipped":0,"pct":41.75},"branches":{"total":78,"covered":49,"skipped":0,"pct":62.82}}
,"C:\\Users\\sharm\\Downloads\\Workspace\\TestForge\\backend\\src\\infrastructure\\http\\fetchContractFromUrl.ts": {"lines":{"total":26,"covered":2,"skipped":0,"pct":7.69},"functions":{"total":2,"covered":0,"skipped":0,"pct":0},"statements":{"total":27,"covered":2,"skipped":0,"pct":7.4},"branches":{"total":16,"covered":0,"skipped":0,"pct":0}}
,"C:\\Users\\sharm\\Downloads\\Workspace\\TestForge\\backend\\src\\infrastructure\\jira\\JiraClient.ts": {"lines":{"total":40,"covered":0,"skipped":0,"pct":0},"functions":{"total":8,"covered":1,"skipped":0,"pct":12.5},"statements":{"total":48,"covered":0,"skipped":0,"pct":0},"branches":{"total":34,"covered":0,"skipped":0,"pct":0}}
,"C:\\Users\\sharm\\Downloads\\Workspace\\TestForge\\backend\\src\\infrastructure\\jobs\\JsonDurableJobRepository.ts": {"lines":{"total":11,"covered":11,"skipped":0,"pct":100},"functions":{"total":29,"covered":26,"skipped":0,"pct":89.65},"statements":{"total":78,"covered":71,"skipped":0,"pct":91.02},"branches":{"total":30,"covered":21,"skipped":0,"pct":70}}
,"C:\\Users\\sharm\\Downloads\\Workspace\\TestForge\\backend\\src\\infrastructure\\logging\\Logger.ts": {"lines":{"total":25,"covered":19,"skipped":0,"pct":76},"functions":{"total":8,"covered":5,"skipped":0,"pct":62.5},"statements":{"total":26,"covered":20,"skipped":0,"pct":76.92},"branches":{"total":20,"covered":8,"skipped":0,"pct":40}}
,"C:\\Users\\sharm\\Downloads\\Workspace\\TestForge\\backend\\src\\infrastructure\\metrics\\Metrics.ts": {"lines":{"total":67,"covered":17,"skipped":0,"pct":25.37},"functions":{"total":13,"covered":4,"skipped":0,"pct":30.76},"statements":{"total":72,"covered":17,"skipped":0,"pct":23.61},"branches":{"total":24,"covered":8,"skipped":0,"pct":33.33}}
,"C:\\Users\\sharm\\Downloads\\Workspace\\TestForge\\backend\\src\\infrastructure\\persistence\\JsonFileStore.ts": {"lines":{"total":51,"covered":40,"skipped":0,"pct":78.43},"functions":{"total":12,"covered":12,"skipped":0,"pct":100},"statements":{"total":52,"covered":41,"skipped":0,"pct":78.84},"branches":{"total":10,"covered":8,"skipped":0,"pct":80}}
,"C:\\Users\\sharm\\Downloads\\Workspace\\TestForge\\backend\\src\\infrastructure\\project\\JsonProjectRepository.ts": {"lines":{"total":49,"covered":32,"skipped":0,"pct":65.3},"functions":{"total":17,"covered":10,"skipped":0,"pct":58.82},"statements":{"total":58,"covered":35,"skipped":0,"pct":60.34},"branches":{"total":49,"covered":19,"skipped":0,"pct":38.77}}
,"C:\\Users\\sharm\\Downloads\\Workspace\\TestForge\\backend\\src\\infrastructure\\project\\projectDataPaths.ts": {"lines":{"total":24,"covered":24,"skipped":0,"pct":100},"functions":{"total":3,"covered":3,"skipped":0,"pct":100},"statements":{"total":31,"covered":27,"skipped":0,"pct":87.09},"branches":{"total":16,"covered":12,"skipped":0,"pct":75}}
,"C:\\Users\\sharm\\Downloads\\Workspace\\TestForge\\backend\\src\\infrastructure\\security\\EvidenceGovernanceService.ts": {"lines":{"total":10,"covered":10,"skipped":0,"pct":100},"functions":{"total":4,"covered":4,"skipped":0,"pct":100},"statements":{"total":16,"covered":16,"skipped":0,"pct":100},"branches":{"total":12,"covered":11,"skipped":0,"pct":91.66}}
,"C:\\Users\\sharm\\Downloads\\Workspace\\TestForge\\backend\\src\\infrastructure\\security\\LocalSecretStore.ts": {"lines":{"total":15,"covered":13,"skipped":0,"pct":86.66},"functions":{"total":18,"covered":13,"skipped":0,"pct":72.22},"statements":{"total":52,"covered":43,"skipped":0,"pct":82.69},"branches":{"total":16,"covered":11,"skipped":0,"pct":68.75}}
,"C:\\Users\\sharm\\Downloads\\Workspace\\TestForge\\backend\\src\\infrastructure\\security\\SensitiveDataRedactionService.ts": {"lines":{"total":26,"covered":26,"skipped":0,"pct":100},"functions":{"total":12,"covered":11,"skipped":0,"pct":91.66},"statements":{"total":42,"covered":41,"skipped":0,"pct":97.61},"branches":{"total":28,"covered":27,"skipped":0,"pct":96.42}}
,"C:\\Users\\sharm\\Downloads\\Workspace\\TestForge\\backend\\src\\infrastructure\\security\\outboundUrl.ts": {"lines":{"total":18,"covered":9,"skipped":0,"pct":50},"functions":{"total":3,"covered":2,"skipped":0,"pct":66.66},"statements":{"total":19,"covered":9,"skipped":0,"pct":47.36},"branches":{"total":31,"covered":10,"skipped":0,"pct":32.25}}
,"C:\\Users\\sharm\\Downloads\\Workspace\\TestForge\\backend\\src\\infrastructure\\test-data\\DatasetRowRepository.ts": {"lines":{"total":78,"covered":33,"skipped":0,"pct":42.3},"functions":{"total":24,"covered":11,"skipped":0,"pct":45.83},"statements":{"total":89,"covered":37,"skipped":0,"pct":41.57},"branches":{"total":18,"covered":9,"skipped":0,"pct":50}}
,"C:\\Users\\sharm\\Downloads\\Workspace\\TestForge\\backend\\src\\infrastructure\\webhook\\JsonWebhookRepository.ts": {"lines":{"total":31,"covered":27,"skipped":0,"pct":87.09},"functions":{"total":14,"covered":12,"skipped":0,"pct":85.71},"statements":{"total":36,"covered":31,"skipped":0,"pct":86.11},"branches":{"total":26,"covered":15,"skipped":0,"pct":57.69}}
,"C:\\Users\\sharm\\Downloads\\Workspace\\TestForge\\backend\\src\\interfaces\\api\\ApiController.ts": {"lines":{"total":73,"covered":15,"skipped":0,"pct":20.54},"functions":{"total":18,"covered":6,"skipped":0,"pct":33.33},"statements":{"total":88,"covered":30,"skipped":0,"pct":34.09},"branches":{"total":17,"covered":4,"skipped":0,"pct":23.52}}
,"C:\\Users\\sharm\\Downloads\\Workspace\\TestForge\\backend\\src\\interfaces\\api\\ApiDtos.ts": {"lines":{"total":18,"covered":18,"skipped":0,"pct":100},"functions":{"total":5,"covered":5,"skipped":0,"pct":100},"statements":{"total":21,"covered":21,"skipped":0,"pct":100},"branches":{"total":36,"covered":29,"skipped":0,"pct":80.55}}
,"C:\\Users\\sharm\\Downloads\\Workspace\\TestForge\\backend\\src\\interfaces\\middleware\\ErrorHandler.ts": {"lines":{"total":26,"covered":16,"skipped":0,"pct":61.53},"functions":{"total":3,"covered":2,"skipped":0,"pct":66.66},"statements":{"total":26,"covered":16,"skipped":0,"pct":61.53},"branches":{"total":44,"covered":34,"skipped":0,"pct":77.27}}
,"C:\\Users\\sharm\\Downloads\\Workspace\\TestForge\\backend\\src\\interfaces\\middleware\\auth.ts": {"lines":{"total":76,"covered":45,"skipped":0,"pct":59.21},"functions":{"total":11,"covered":8,"skipped":0,"pct":72.72},"statements":{"total":88,"covered":48,"skipped":0,"pct":54.54},"branches":{"total":72,"covered":29,"skipped":0,"pct":40.27}}
,"C:\\Users\\sharm\\Downloads\\Workspace\\TestForge\\backend\\src\\interfaces\\middleware\\projectAccess.ts": {"lines":{"total":33,"covered":20,"skipped":0,"pct":60.6},"functions":{"total":9,"covered":5,"skipped":0,"pct":55.55},"statements":{"total":47,"covered":24,"skipped":0,"pct":51.06},"branches":{"total":47,"covered":22,"skipped":0,"pct":46.8}}
,"C:\\Users\\sharm\\Downloads\\Workspace\\TestForge\\backend\\src\\shared\\ApiResponse.ts": {"lines":{"total":3,"covered":3,"skipped":0,"pct":100},"functions":{"total":2,"covered":2,"skipped":0,"pct":100},"statements":{"total":3,"covered":3,"skipped":0,"pct":100},"branches":{"total":2,"covered":2,"skipped":0,"pct":100}}
,"C:\\Users\\sharm\\Downloads\\Workspace\\TestForge\\backend\\src\\shared\\errors.ts": {"lines":{"total":19,"covered":11,"skipped":0,"pct":57.89},"functions":{"total":8,"covered":4,"skipped":0,"pct":50},"statements":{"total":19,"covered":11,"skipped":0,"pct":57.89},"branches":{"total":1,"covered":1,"skipped":0,"pct":100}}
}
